Crashlog created at Wed May 14 00:05:20 +0000 2014

===== MESSAGE:

Errno::EADDRINUSE: Address already in use - bind(2)

===== COMPILATION STACK:

  (empty)

===== STACK TRACE:

  0. /usr/lib/ruby/1.8/webrick/utils.rb:73:in `initialize'
  1. /usr/lib/ruby/1.8/webrick/utils.rb:73:in `new'
  2. /usr/lib/ruby/1.8/webrick/utils.rb:73:in `create_listeners'
  3. /usr/lib/ruby/1.8/webrick/utils.rb:70:in `each'
  4. /usr/lib/ruby/1.8/webrick/utils.rb:70:in `create_listeners'
  5. /usr/lib/ruby/1.8/webrick/server.rb:75:in `listen'
  6. /usr/lib/ruby/1.8/webrick/server.rb:63:in `initialize'
  7. /usr/lib/ruby/1.8/webrick/httpserver.rb:24:in `initialize'
  8. /var/lib/gems/1.8/gems/rack-1.5.2/lib/rack/handler/webrick.rb:11:in `new'
  9. /var/lib/gems/1.8/gems/rack-1.5.2/lib/rack/handler/webrick.rb:11:in `run'
  10. /var/lib/gems/1.8/gems/nanoc-3.6.9/lib/nanoc/cli/commands/view.rb:57:in `run'
  11. /var/lib/gems/1.8/gems/nanoc-3.6.9/lib/nanoc/cli/command_runner.rb:14:in `call'
  12. /var/lib/gems/1.8/gems/nanoc-3.6.9/lib/nanoc/cli/error_handler.rb:70:in `handle_while'
  13. /var/lib/gems/1.8/gems/nanoc-3.6.9/lib/nanoc/cli/error_handler.rb:26:in `handle_while'
  14. /var/lib/gems/1.8/gems/nanoc-3.6.9/lib/nanoc/cli/command_runner.rb:13:in `call'
  15. /var/lib/gems/1.8/gems/cri-2.6.0/lib/cri/command_dsl.rb:223:in `runner'
  16. /var/lib/gems/1.8/gems/cri-2.6.0/lib/cri/command.rb:298:in `call'
  17. /var/lib/gems/1.8/gems/cri-2.6.0/lib/cri/command.rb:298:in `run_this'
  18. /var/lib/gems/1.8/gems/cri-2.6.0/lib/cri/command.rb:251:in `run'
  19. /var/lib/gems/1.8/gems/cri-2.6.0/lib/cri/command.rb:264:in `run'
  20. /var/lib/gems/1.8/gems/nanoc-3.6.9/lib/nanoc/cli.rb:59:in `run'
  21. /var/lib/gems/1.8/gems/nanoc-3.6.9/lib/nanoc/cli/error_handler.rb:70:in `handle_while'
  22. /var/lib/gems/1.8/gems/nanoc-3.6.9/lib/nanoc/cli/error_handler.rb:26:in `handle_while'
  23. /var/lib/gems/1.8/gems/nanoc-3.6.9/lib/nanoc/cli.rb:57:in `run'
  24. /var/lib/gems/1.8/gems/nanoc-3.6.9/bin/nanoc:19
  25. /usr/local/bin/nanoc:19:in `load'

===== VERSION INFORMATION:

nanoc 3.6.9 © 2007-2013 Denis Defreyne.
Running ruby 1.8.7 (2011-06-30) on x86_64-linux with RubyGems 1.8.15.

===== SYSTEM INFORMATION:

Linux vagrant-ubuntu-precise-64 3.2.0-56-generic #86-Ubuntu SMP Wed Oct 23 09:20:45 UTC 2013 x86_64 x86_64 x86_64 GNU/Linux

===== INSTALLED GEMS:

  cri 2.6.0
  timers 1.1.0
  nanoc 3.6.9
  colored 1.2
  adsf 1.2.0
  thor 0.19.1
  rack 1.5.2

===== ENVIRONMENT:

HOME => "/home/vagrant"
LANG => "en_US.UTF-8"
LOGNAME => "vagrant"
MAIL => "/var/mail/vagrant"
OLDPWD => "/home/vagrant"
PATH => "/usr/local/sbin:/usr/local/bin:/usr/sbin:/usr/bin:/sbin:/bin:/usr/games"
PWD => "/vagrant/website"
SHELL => "/bin/bash"
SHLVL => "2"
SSH_CLIENT => "10.0.2.2 57621 22"
SSH_CONNECTION => "10.0.2.2 57621 10.0.2.15 22"
SSH_TTY => "/dev/pts/1"
TERM => "xterm"
USER => "vagrant"
_ => "/usr/local/bin/nanoc"

===== LOAD PATHS:

  0. /var/lib/gems/1.8/gems/nanoc-3.6.9/lib
  1. /var/lib/gems/1.8/gems/colored-1.2/lib
  2. /var/lib/gems/1.8/gems/cri-2.6.0/lib
  3. /var/lib/gems/1.8/gems/nanoc-3.6.9/lib
  4. /var/lib/gems/1.8/gems/rack-1.5.2/lib
  5. /var/lib/gems/1.8/gems/adsf-1.2.0/lib
  6. /usr/local/lib/site_ruby/1.8
  7. /usr/local/lib/site_ruby/1.8/x86_64-linux
  8. /usr/local/lib/site_ruby
  9. /usr/lib/ruby/vendor_ruby/1.8
  10. /usr/lib/ruby/vendor_ruby/1.8/x86_64-linux
  11. /usr/lib/ruby/vendor_ruby
  12. /usr/lib/ruby/1.8
  13. /usr/lib/ruby/1.8/x86_64-linux
  14. .
